#
# A fatal error has been detected by the Java Runtime Environment:
#
#  EXCEPTION_ACCESS_VIOLATION (0xc0000005) at pc=0x000000005ea7d133, pid=1940, tid=0x00000000000016d4
#
# JRE version: Java(TM) SE Runtime Environment (8.0_221-b11) (build 1.8.0_221-b11)
# Java VM: Java HotSpot(TM) 64-Bit Server VM (25.221-b11 mixed mode windows-amd64 compressed oops)
# Problematic frame:
# V  [jvm.dll+0xfd133]
#
# Failed to write core dump. Minidumps are not enabled by default on client versions of Windows
#
# If you would like to submit a bug report, please visit:
#   http://bugreport.java.com/bugreport/crash.jsp
#

---------------  T H R E A D  ---------------

Current thread (0x000000001bf08000):  VMThread [stack: 0x000000001cfb0000,0x000000001d0b0000] [id=5844]

siginfo: ExceptionCode=0xc0000005, reading address 0x0000190000000000

Registers:
RAX=0x0000190000000000, RBX=0x000000001b9da128, RCX=0x0000190000000000, RDX=0x00000007c0087080
RSP=0x000000001d0af1c0, RBP=0x00000007c0087080, RSI=0x0000000000000000, RDI=0x000000001ba411e8
R8 =0x000000001d0af298, R9 =0x00000000028bc600, R10=0x000000001ba3fee0, R11=0x00000007c008ca10
R12=0x000000001b9da110, R13=0x000000001d0af298, R14=0x0000000000000000, R15=0x00000007c0086e88
RIP=0x000000005ea7d133, EFLAGS=0x0000000000010206

Top of Stack: (sp=0x000000001d0af1c0)
0x000000001d0af1c0:   000000001d342ac0 000000005eb9f85a
0x000000001d0af1d0:   0000000000000001 000000000000006e
0x000000001d0af1e0:   000000001d9af4a0 000000001bf08000
0x000000001d0af1f0:   00000007c008ca10 000000005eb48930
0x000000001d0af200:   00000007c0087080 000000001ba411e8
0x000000001d0af210:   00000000028bc600 000000001bf08000
0x000000001d0af220:   000000001bf08000 000000001bf06cb0
0x000000001d0af230:   000000001bf083d0 000000001bf083e0
0x000000001d0af240:   000000001bf084b8 00000000000000d8
0x000000001d0af250:   000000001d0af308 000000005ea8cc37
0x000000001d0af260:   00000007c0086e88 000000001bf08000
0x000000001d0af270:   000000001e1e6d58 00000007c0086e88
0x000000001d0af280:   00000007c008ca10 000000005e9e256b
0x000000001d0af290:   000000001d0af2f0 0000000000000000
0x000000001d0af2a0:   000000001bf37330 00000007c008ca10
0x000000001d0af2b0:   0000000000000000 000000005eb48f02 

Instructions: (pc=0x000000005ea7d133)
0x000000005ea7d113:   8b 43 10 48 c1 e8 14 a8 01 74 06 48 8b 7b 08 eb
0x000000005ea7d123:   22 48 8b 03 48 85 c0 0f 84 91 00 00 00 48 8b 0b
0x000000005ea7d133:   48 8b 01 ff 50 10 84 c0 75 06 48 8b 7b 08 eb 03
0x000000005ea7d143:   48 8b 3b 48 85 ff 74 76 48 8b 07 48 8b cf ff 50 


Register to memory mapping:

RAX=0x0000190000000000 is an unknown value
RBX=0x000000001b9da128 is pointing into metadata
RCX=0x0000190000000000 is an unknown value
RDX=0x00000007c0087080 is pointing into metadata
RSP=0x000000001d0af1c0 is an unknown value
RBP=0x00000007c0087080 is pointing into metadata
RSI=0x0000000000000000 is an unknown value
RDI=0x000000001ba411e8 is pointing into metadata
R8 =0x000000001d0af298 is an unknown value
R9 =0x00000000028bc600 is an unknown value
R10=0x000000001ba3fee0 is pointing into metadata
R11=0x00000007c008ca10 is pointing into metadata
R12=0x000000001b9da110 is pointing into metadata
R13=0x000000001d0af298 is an unknown value
R14=0x0000000000000000 is an unknown value
R15=0x00000007c0086e88 is pointing into metadata


Stack: [0x000000001cfb0000,0x000000001d0b0000],  sp=0x000000001d0af1c0,  free space=1020k
Native frames: (J=compiled Java code, j=interpreted, Vv=VM code, C=native code)
V  [jvm.dll+0xfd133]
V  [jvm.dll+0x1c8930]
V  [jvm.dll+0x6256b]
V  [jvm.dll+0x1c8f02]
V  [jvm.dll+0x1c91cb]
V  [jvm.dll+0x24d517]
V  [jvm.dll+0x24c7b6]
V  [jvm.dll+0x24cc51]
V  [jvm.dll+0x24ce6e]
V  [jvm.dll+0x29fb8a]
C  [msvcr100.dll+0x21d9f]
C  [msvcr100.dll+0x21e3b]
C  [KERNEL32.DLL+0x8364]
C  [ntdll.dll+0x67091]

VM_Operation (0x000000001d9af4a0): RedefineClasses, mode: safepoint, requested by thread 0x000000001bf63800, redefining class random.Random



---------------  P R O C E S S  ---------------

Java Threads: ( => current thread )
  0x000000001d3e2800 JavaThread "Service Thread" daemon [_thread_blocked, id=4436, stack(0x000000001df60000,0x000000001e060000)]
  0x000000001d35c000 JavaThread "C1 CompilerThread2" daemon [_thread_blocked, id=11952, stack(0x000000001de60000,0x000000001df60000)]
  0x000000001d35b800 JavaThread "C2 CompilerThread1" daemon [_thread_blocked, id=17336, stack(0x000000001dd60000,0x000000001de60000)]
  0x000000001d35a800 JavaThread "C2 CompilerThread0" daemon [_thread_blocked, id=9592, stack(0x000000001dc60000,0x000000001dd60000)]
  0x000000001bf74000 JavaThread "JDWP Command Reader" daemon [_thread_in_native, id=8544, stack(0x000000001db60000,0x000000001dc60000)]
  0x000000001bf70800 JavaThread "JDWP Event Helper Thread" daemon [_thread_blocked, id=12740, stack(0x000000001da60000,0x000000001db60000)]
  0x000000001bf63800 JavaThread "JDWP Transport Listener: dt_socket" daemon [_thread_blocked, id=11304, stack(0x000000001d8b0000,0x000000001d9b0000)]
  0x000000001d2f3000 JavaThread "Attach Listener" daemon [_thread_blocked, id=10196, stack(0x000000001d7b0000,0x000000001d8b0000)]
  0x000000001d2f2800 JavaThread "Signal Dispatcher" daemon [_thread_blocked, id=5212, stack(0x000000001d6b0000,0x000000001d7b0000)]
  0x000000001bf2a000 JavaThread "Finalizer" daemon [_thread_blocked, id=16396, stack(0x000000001d1b0000,0x000000001d2b0000)]
  0x00000000028c3000 JavaThread "Reference Handler" daemon [_thread_blocked, id=12256, stack(0x000000001d0b0000,0x000000001d1b0000)]
  0x00000000027d2800 JavaThread "main" [_thread_blocked, id=13436, stack(0x0000000002550000,0x0000000002650000)]

Other Threads:
=>0x000000001bf08000 VMThread [stack: 0x000000001cfb0000,0x000000001d0b0000] [id=5844]
  0x000000001d48c800 WatcherThread [stack: 0x000000001e060000,0x000000001e160000] [id=12796]

VM state:at safepoint (normal execution)

VM Mutex/Monitor currently owned by a thread:  ([mutex/lock_event])
[0x00000000021ae540] Threads_lock - owner thread: 0x000000001bf08000

heap address: 0x00000006c0a00000, size: 4086 MB, Compressed Oops mode: Zero based, Oop shift amount: 3
Narrow klass base: 0x0000000000000000, Narrow klass shift: 3
Compressed class space size: 1073741824 Address: 0x00000007c0000000

Heap:
 PSYoungGen      total 76288K, used 9222K [0x000000076ae00000, 0x0000000770300000, 0x00000007c0000000)
  eden space 65536K, 14% used [0x000000076ae00000,0x000000076b701a50,0x000000076ee00000)
  from space 10752K, 0% used [0x000000076f880000,0x000000076f880000,0x0000000770300000)
  to   space 10752K, 0% used [0x000000076ee00000,0x000000076ee00000,0x000000076f880000)
 ParOldGen       total 175104K, used 0K [0x00000006c0a00000, 0x00000006cb500000, 0x000000076ae00000)
  object space 175104K, 0% used [0x00000006c0a00000,0x00000006c0a00000,0x00000006cb500000)
 Metaspace       used 5228K, capacity 5346K, committed 5504K, reserved 1056768K
  class space    used 537K, capacity 593K, committed 640K, reserved 1048576K

Card table byte_map: [0x0000000011c90000,0x0000000012490000] byte_map_base: 0x000000000e68b000

Marking Bits: (ParMarkBitMap*) 0x000000005f1a5ce0
 Begin Bits: [0x0000000012df0000, 0x0000000016dc8000)
 End Bits:   [0x0000000016dc8000, 0x000000001ada0000)

Polling page: 0x0000000000570000

CodeCache: size=245760Kb used=1767Kb max_used=1782Kb free=243992Kb
 bounds [0x00000000028d0000, 0x0000000002b40000, 0x00000000118d0000]
 total_blobs=472 nmethods=184 adapters=209
 compilation: enabled

Compilation events (10 events):
Event: 3610.726 Thread 0x000000001d35a800  181       4       org.eclipse.jdt.launching.internal.org.objectweb.asm.Symbol::<init> (38 bytes)
Event: 3610.727 Thread 0x000000001d35a800 nmethod 181 0x0000000002a1f450 code [0x0000000002a1f580, 0x0000000002a1f618]
Event: 3628.146 Thread 0x000000001d35c000  182       1       org.eclipse.jdt.launching.internal.org.objectweb.asm.SymbolTable::getSource (5 bytes)
Event: 3628.146 Thread 0x000000001d35c000 nmethod 182 0x0000000002a41110 code [0x0000000002a41260, 0x0000000002a41370]
Event: 3628.146 Thread 0x000000001d35a800  183       4       org.eclipse.jdt.launching.internal.org.objectweb.asm.SymbolTable::addConstantUtf8 (98 bytes)
Event: 3628.147 Thread 0x000000001d35c000  184       3       org.eclipse.jdt.launching.internal.org.objectweb.asm.Handler::getExceptionTableSize (10 bytes)
Event: 3628.147 Thread 0x000000001d35c000 nmethod 184 0x0000000002a8ac10 code [0x0000000002a8ad80, 0x0000000002a8afd0]
Event: 3628.147 Thread 0x000000001d35c000  185       1       org.eclipse.jdt.launching.internal.org.objectweb.asm.MethodWriter::hasAsmInstructions (5 bytes)
Event: 3628.147 Thread 0x000000001d35c000 nmethod 185 0x0000000002a3e990 code [0x0000000002a3eae0, 0x0000000002a3ebf0]
Event: 3628.161 Thread 0x000000001d35a800 nmethod 183 0x0000000002a8de50 code [0x0000000002a8e000, 0x0000000002a8ef28]

GC Heap History (0 events):
No events

Deoptimization events (0 events):
No events

Classes redefined (10 events):
Event: 3331.136 Thread 0x000000001bf08000 redefined class name=random.Random, count=35
Event: 3355.053 Thread 0x000000001bf08000 redefined class name=random.Random, count=36
Event: 3395.789 Thread 0x000000001bf08000 redefined class name=random.Random, count=37
Event: 3471.698 Thread 0x000000001bf08000 redefined class name=random.Random, count=38
Event: 3513.516 Thread 0x000000001bf08000 redefined class name=random.Random, count=39
Event: 3542.935 Thread 0x000000001bf08000 redefined class name=random.Random, count=40
Event: 3610.728 Thread 0x000000001bf08000 redefined class name=random.Random, count=41
Event: 3628.148 Thread 0x000000001bf08000 redefined class name=random.Random, count=42
Event: 3705.078 Thread 0x000000001bf08000 redefined class name=random.Random, count=43
Event: 3735.808 Thread 0x000000001bf08000 redefined class name=random.Random, count=44

Internal exceptions (2 events):
Event: 0.023 Thread 0x00000000027d2800 Exception <a 'java/lang/NoSuchMethodError': Method sun.misc.Unsafe.defineClass(Ljava/lang/String;[BII)Ljava/lang/Class; name or signature does not match> (0x000000076ae07cb8) thrown at [C:\re\workspace\8-2-build-windows-amd64-cygwin\jdk8u221\13320\hotspot
Event: 0.023 Thread 0x00000000027d2800 Exception <a 'java/lang/NoSuchMethodError': Method sun.misc.Unsafe.prefetchRead(Ljava/lang/Object;J)V name or signature does not match> (0x000000076ae07fa0) thrown at [C:\re\workspace\8-2-build-windows-amd64-cygwin\jdk8u221\13320\hotspot\src\share\vm\prim

Events (10 events):
Event: 3742.563 Executing VM operation: GetOwnedMonitorInfo done
Event: 3742.565 Executing VM operation: GetCurrentContendedMonitor
Event: 3742.565 Executing VM operation: GetCurrentContendedMonitor done
Event: 3742.565 Executing VM operation: GetOwnedMonitorInfo
Event: 3742.565 Executing VM operation: GetOwnedMonitorInfo done
Event: 3743.336 Executing VM operation: GetCurrentContendedMonitor
Event: 3743.336 Executing VM operation: GetCurrentContendedMonitor done
Event: 3743.336 Executing VM operation: GetOwnedMonitorInfo
Event: 3743.336 Executing VM operation: GetOwnedMonitorInfo done
Event: 3781.379 Executing VM operation: RedefineClasses


Dynamic libraries:
0x00007ff7b19f0000 - 0x00007ff7b1a27000 	D:\Program Files\java\bin\javaw.exe
0x00007fff7e550000 - 0x00007fff7e722000 	C:\Windows\SYSTEM32\ntdll.dll
0x00007fff7c3a0000 - 0x00007fff7c44c000 	C:\Windows\System32\KERNEL32.DLL
0x00007fff7b6a0000 - 0x00007fff7b8bd000 	C:\Windows\System32\KERNELBASE.dll
0x00007fff7de60000 - 0x00007fff7df02000 	C:\Windows\System32\ADVAPI32.dll
0x00007fff7e2b0000 - 0x00007fff7e34e000 	C:\Windows\System32\msvcrt.dll
0x00007fff7e010000 - 0x00007fff7e069000 	C:\Windows\System32\sechost.dll
0x00007fff7e170000 - 0x00007fff7e291000 	C:\Windows\System32\RPCRT4.dll
0x00007fff7bba0000 - 0x00007fff7bd05000 	C:\Windows\System32\USER32.dll
0x00007fff7b680000 - 0x00007fff7b69e000 	C:\Windows\System32\win32u.dll
0x00007fff7c1f0000 - 0x00007fff7c224000 	C:\Windows\System32\GDI32.dll
0x00007fff7b300000 - 0x00007fff7b480000 	C:\Windows\System32\gdi32full.dll
0x00007fff6f1e0000 - 0x00007fff6f45a000 	C:\Windows\WinSxS\amd64_microsoft.windows.common-controls_6595b64144ccf1df_6.0.14393.953_none_42151e83c686086b\COMCTL32.dll
0x00007fff7db90000 - 0x00007fff7de58000 	C:\Windows\System32\combase.dll
0x00007fff7b480000 - 0x00007fff7b575000 	C:\Windows\System32\ucrtbase.dll
0x00007fff7b8c0000 - 0x00007fff7b92a000 	C:\Windows\System32\bcryptPrimitives.dll
0x00007fff7c230000 - 0x00007fff7c25e000 	C:\Windows\System32\IMM32.DLL
0x000000005fa70000 - 0x000000005fb42000 	D:\Program Files\java\bin\msvcr100.dll
0x000000005e980000 - 0x000000005f225000 	D:\Program Files\java\bin\server\jvm.dll
0x00007fff7c1e0000 - 0x00007fff7c1e8000 	C:\Windows\System32\PSAPI.DLL
0x00007fff78610000 - 0x00007fff78633000 	C:\Windows\SYSTEM32\WINMM.dll
0x00007fff6b2c0000 - 0x00007fff6b2c9000 	C:\Windows\SYSTEM32\WSOCK32.dll
0x00007fff79020000 - 0x00007fff7902a000 	C:\Windows\SYSTEM32\VERSION.dll
0x00007fff7bd10000 - 0x00007fff7bd7a000 	C:\Windows\System32\WS2_32.dll
0x00007fff785b0000 - 0x00007fff785db000 	C:\Windows\SYSTEM32\WINMMBASE.dll
0x00007fff7b580000 - 0x00007fff7b5c2000 	C:\Windows\System32\cfgmgr32.dll
0x00007fff7a3f0000 - 0x00007fff7a3ff000 	D:\Program Files\java\bin\verify.dll
0x00007fff78660000 - 0x00007fff78689000 	D:\Program Files\java\bin\java.dll
0x00007fff79790000 - 0x00007fff797c5000 	D:\Program Files\java\bin\jdwp.dll
0x00007fff7a410000 - 0x00007fff7a418000 	D:\Program Files\java\bin\npt.dll
0x00007fff75a00000 - 0x00007fff75a23000 	D:\Program Files\java\bin\instrument.dll
0x00007fff75370000 - 0x00007fff75386000 	D:\Program Files\java\bin\zip.dll
0x00007fff7c680000 - 0x00007fff7db88000 	C:\Windows\System32\SHELL32.dll
0x00007fff7ac20000 - 0x00007fff7b2f8000 	C:\Windows\System32\windows.storage.dll
0x00007fff7aa00000 - 0x00007fff7aa4c000 	C:\Windows\System32\powrprof.dll
0x00007fff7e4f0000 - 0x00007fff7e542000 	C:\Windows\System32\shlwapi.dll
0x00007fff7a9c0000 - 0x00007fff7a9cf000 	C:\Windows\System32\kernel.appcore.dll
0x00007fff7b5d0000 - 0x00007fff7b679000 	C:\Windows\System32\shcore.dll
0x00007fff7a9d0000 - 0x00007fff7a9e4000 	C:\Windows\System32\profapi.dll
0x00007fff79780000 - 0x00007fff79789000 	D:\Program Files\java\bin\dt_socket.dll
0x00007fff66820000 - 0x00007fff66836000 	C:\Windows\system32\napinsp.dll
0x00007fff6a7e0000 - 0x00007fff6a7fa000 	C:\Windows\system32\pnrpnsp.dll
0x00007fff780b0000 - 0x00007fff780c8000 	C:\Windows\system32\NLAapi.dll
0x00007fff79f90000 - 0x00007fff79fec000 	C:\Windows\System32\mswsock.dll
0x00007fff79d50000 - 0x00007fff79df1000 	C:\Windows\SYSTEM32\DNSAPI.dll
0x00007fff7bda0000 - 0x00007fff7bda8000 	C:\Windows\System32\NSI.dll
0x00007fff79d10000 - 0x00007fff79d48000 	C:\Windows\SYSTEM32\IPHLPAPI.DLL
0x00007fff6a800000 - 0x00007fff6a80e000 	C:\Windows\System32\winrnr.dll
0x000000005fb50000 - 0x000000005fb76000 	C:\Program Files\Bonjour\mdnsNSP.dll
0x00007fff73210000 - 0x00007fff7327a000 	C:\Windows\System32\fwpuclnt.dll
0x00007fff7a860000 - 0x00007fff7a88b000 	C:\Windows\SYSTEM32\bcrypt.dll
0x00007fff72a90000 - 0x00007fff72a9a000 	C:\Windows\System32\rasadhlp.dll
0x00007fff7a470000 - 0x00007fff7a602000 	C:\Windows\SYSTEM32\dbghelp.dll

VM Arguments:
jvm_args: -agentlib:jdwp=transport=dt_socket,suspend=y,address=localhost:53861 -javaagent:D:\Users\linbanana\eclipse\java-2019-06\eclipse\configuration\org.eclipse.osgi\226\0\.cp\lib\javaagent-shaded.jar -Dfile.encoding=MS950 
java_command: random.Random
java_class_path (initial): D:\Users\linbanana\eclipse-workspace\random\bin;D:\Users\linbanana\eclipse\java-2019-06\eclipse\configuration\org.eclipse.osgi\226\0\.cp\lib\javaagent-shaded.jar
Launcher Type: SUN_STANDARD

Environment Variables:
CLASSPATH=.;D:\Program Files (x86)\QuickTime\QTSystem\QTJava.zip
PATH=D:/Program Files/java/bin/server;D:/Program Files/java/bin;D:/Program Files/java/lib/amd64;C:\Program Files (x86)\Common Files\Oracle\Java\javapath;C:\Program Files (x86)\Intel\iCLS Client\;C:\Program Files\Intel\iCLS Client\;C:\Windows\system32;C:\Windows;C:\Windows\System32\Wbem;C:\Windows\System32\WindowsPowerShell\v1.0\;C:\Program Files (x86)\NVIDIA Corporation\PhysX\Common;C:\Program Files\Intel\Intel(R) Management Engine Components\DAL;C:\Program Files\Intel\Intel(R) Management Engine Components\IPT;D:\Program Files (x86)\QuickTime\QTSystem\;C:\Program Files (x86)\Intel\Intel(R) Management Engine Components\DAL;D:\Program Files\Intel\Intel(R) Management Engine Components\DAL;C:\Program Files (x86)\Intel\Intel(R) Management Engine Components\IPT;D:\Program Files\Intel\Intel(R) Management Engine Components\IPT;C:\Program Files\Microsoft SQL Server\130\Tools\Binn\;C:\FFmpeg\bin;C:\Program Files (x86)\Windows Live\Shared;C:\Program Files\NVIDIA Corporation\NVIDIA NvDLISR;C:\ProgramData\chocolatey\bin;d:\Program Files\Git\cmd;C:\Program Files\dotnet\;C:\Program Files\Microsoft SQL Server\Client SDK\ODBC\170\Tools\Binn\;C:\Users\linbanana\AppData\Local\Microsoft\WindowsApps;C:\Users\linbanana\AppData\Local\GitHubDesktop\bin;d:\Users\linbanana\Desktop;
USERNAME=linbanana
OS=Windows_NT
PROCESSOR_IDENTIFIER=Intel64 Family 6 Model 158 Stepping 9, GenuineIntel



---------------  S Y S T E M  ---------------

OS: Windows 10.0 , 64 bit Build 14393 (10.0.14393.1198)

CPU:total 4 (initial active 4) (4 cores per cpu, 1 threads per core) family 6 model 158 stepping 9, cmov, cx8, fxsr, mmx, sse, sse2, sse3, ssse3, sse4.1, sse4.2, popcnt, avx, avx2, aes, clmul, erms, 3dnowpref, lzcnt, tsc, tscinvbit, bmi1, bmi2, adx

Memory: 4k page, physical 16736236k(12735260k free), swap 19226604k(11154836k free)

vm_info: Java HotSpot(TM) 64-Bit Server VM (25.221-b11) for windows-amd64 JRE (1.8.0_221-b11), built on Jul  4 2019 04:39:29 by "java_re" with MS VC++ 10.0 (VS2010)

time: Wed Aug 14 23:01:42 2019
timezone: 台北標準時間
elapsed time: 3781 seconds (0d 1h 3m 1s)

